<?xml version="1.0" encoding="UTF-8"?>
<TestRun id="2137136a-cc23-4d9f-8d40-e3ec0c0e6f54" name="nnickerson@NICKER4416 2012-08-20 09:47:58" runUser="NUSTUDENT\nnickerson" xmlns="http://microsoft.com/schemas/VisualStudio/TeamTest/2010">
  <TestSettings name="Local" id="5ab82e22-02de-492e-9bbc-d107d1e9087c">
    <Description>These are default test settings for a local test run.</Description>
    <Deployment runDeploymentRoot="nnickerson_NICKER4416 2012-08-20 09_47_58">
      <DeploymentItem filename="C:\Users\nnickerson\Documents\GitHub\MenuDirect\MenuDirect\MenuDirect\bin\Debug\MenuDirect.exe" />
    </Deployment>
    <Execution>
      <TestTypeSpecific>
        <UnitTestRunConfig testTypeId="13cdc9d9-ddb5-4fa4-a97d-d965ccfc6d4b">
          <AssemblyResolution>
            <TestDirectory useLoadContext="true" />
          </AssemblyResolution>
        </UnitTestRunConfig>
        <WebTestRunConfiguration testTypeId="4e7599fa-5ecb-43e9-a887-cd63cf72d207">
          <Browser name="Internet Explorer 7.0">
            <Headers>
              <Header name="User-Agent" value="Mozilla/4.0 (compatible; MSIE 7.0; Windows NT 5.1)" />
              <Header name="Accept" value="*/*" />
              <Header name="Accept-Language" value="{{$IEAcceptLanguage}}" />
              <Header name="Accept-Encoding" value="GZIP" />
            </Headers>
          </Browser>
        </WebTestRunConfiguration>
      </TestTypeSpecific>
      <AgentRule name="LocalMachineDefaultRole">
        <DataCollectors>
          <DataCollector uri="datacollector://microsoft/CodeCoverage/1.0" assemblyQualifiedName="Microsoft.VisualStudio.TestTools.CodeCoverage.CoveragePlugIn, Microsoft.VisualStudio.QualityTools.Plugins.CodeCoverage, Version=10.0.0.0, Culture=neutral, PublicKeyToken=b03f5f7f11d50a3a" friendlyName="Code Coverage">
            <Configuration>
              <CodeCoverage xmlns="">
                <Regular>
                  <CodeCoverageItem binaryFile="C:\Users\nnickerson\Documents\GitHub\MenuDirect\MenuDirect\AdminTests\bin\Debug\AdminTests.dll" pdbFile="C:\Users\nnickerson\Documents\GitHub\MenuDirect\MenuDirect\AdminTests\bin\Debug\AdminTests.instr.pdb" instrumentInPlace="true" />
                </Regular>
              </CodeCoverage>
            </Configuration>
          </DataCollector>
        </DataCollectors>
      </AgentRule>
    </Execution>
  </TestSettings>
  <Times creation="2012-08-20T09:47:58.2641730-06:00" queuing="2012-08-20T09:47:59.0172161-06:00" start="2012-08-20T09:47:59.1412232-06:00" finish="2012-08-20T09:48:02.8014326-06:00" />
  <ResultSummary outcome="Failed">
    <Counters total="1" executed="1" error="0" failed="1" timeout="0" aborted="0" inconclusive="0" passedButRunAborted="0" notRunnable="0" notExecuted="0" disconnected="0" warning="0" passed="0" completed="0" inProgress="0" pending="0" />
    <ResultFiles>
      <ResultFile path="NICKER4416\data.coverage" />
    </ResultFiles>
  </ResultSummary>
  <TestDefinitions>
    <UnitTest name="PrintAdminChoicesTest" storage="c:\users\nnickerson\documents\github\menudirect\menudirect\admintests\bin\debug\admintests.dll" id="acc46e50-576f-20ac-5f7f-491683469930">
      <DeploymentItems>
        <DeploymentItem filename="MenuDirect.exe" />
      </DeploymentItems>
      <Execution id="a0f2eabc-e6cf-4875-ade3-fab3454b5966" />
      <TestMethod codeBase="C:/Users/nnickerson/Documents/GitHub/MenuDirect/MenuDirect/AdminTests/bin/Debug/AdminTests.DLL" adapterTypeName="Microsoft.VisualStudio.TestTools.TestTypes.Unit.UnitTestAdapter, Microsoft.VisualStudio.QualityTools.Tips.UnitTest.Adapter, Version=10.0.0.0, Culture=neutral, PublicKeyToken=b03f5f7f11d50a3a" className="AdminTests.AdminTest, AdminTests, Version=1.0.0.0, Culture=neutral, PublicKeyToken=null" name="PrintAdminChoicesTest" />
    </UnitTest>
  </TestDefinitions>
  <TestLists>
    <TestList name="Results Not in a List" id="8c84fa94-04c1-424b-9868-57a2d4851a1d" />
    <TestList name="All Loaded Results" id="19431567-8539-422a-85d7-44ee4e166bda" />
  </TestLists>
  <TestEntries>
    <TestEntry testId="acc46e50-576f-20ac-5f7f-491683469930" executionId="a0f2eabc-e6cf-4875-ade3-fab3454b5966" testListId="8c84fa94-04c1-424b-9868-57a2d4851a1d" />
  </TestEntries>
  <Results>
    <UnitTestResult executionId="a0f2eabc-e6cf-4875-ade3-fab3454b5966" testId="acc46e50-576f-20ac-5f7f-491683469930" testName="PrintAdminChoicesTest" computerName="NICKER4416" duration="00:00:00.1448691" startTime="2012-08-20T09:48:00.8193192-06:00" endTime="2012-08-20T09:48:01.5053584-06:00" testType="13cdc9d9-ddb5-4fa4-a97d-d965ccfc6d4b" outcome="Failed" testListId="8c84fa94-04c1-424b-9868-57a2d4851a1d" relativeResultsDirectory="a0f2eabc-e6cf-4875-ade3-fab3454b5966">
      <Output>
        <StdOut>Hello Administrator!
What would you like to do?:
1 - Add an item to the menu

2 - Delete an item from the menu</StdOut>
        <ErrorInfo>
          <Message>Test method AdminTests.AdminTest.PrintAdminChoicesTest threw exception: 
System.InvalidOperationException: Cannot read keys when either application does not have a console or when console input has been redirected from a file. Try Console.Read.</Message>
          <StackTrace>   at MenuDirect.Admin_Accessor..ctor()
   at AdminTests.AdminTest.PrintAdminChoicesTest() in C:\Users\nnickerson\Documents\GitHub\MenuDirect\MenuDirect\AdminTests\AdminTest.cs:line 91
</StackTrace>
        </ErrorInfo>
      </Output>
    </UnitTestResult>
  </Results>
</TestRun>