<?xml version="1.0" encoding="UTF-8"?>
<TestRun id="5e52360f-d948-471d-b2aa-3547fc38b032" name="nnickerson@NICKER4416 2012-08-20 10:21:51" runUser="NUSTUDENT\nnickerson" xmlns="http://microsoft.com/schemas/VisualStudio/TeamTest/2010">
  <TestSettings name="Local" id="5ab82e22-02de-492e-9bbc-d107d1e9087c">
    <Description>These are default test settings for a local test run.</Description>
    <Deployment runDeploymentRoot="nnickerson_NICKER4416 2012-08-20 10_21_51">
      <DeploymentItem filename="C:\Users\nnickerson\Documents\GitHub\MenuDirect\MenuDirect\MenuDirect\bin\Debug\MenuDirect.exe" />
    </Deployment>
    <Execution>
      <TestTypeSpecific>
        <UnitTestRunConfig testTypeId="13cdc9d9-ddb5-4fa4-a97d-d965ccfc6d4b">
          <AssemblyResolution>
            <TestDirectory useLoadContext="true" />
          </AssemblyResolution>
        </UnitTestRunConfig>
        <WebTestRunConfiguration testTypeId="4e7599fa-5ecb-43e9-a887-cd63cf72d207">
          <Browser name="Internet Explorer 7.0">
            <Headers>
              <Header name="User-Agent" value="Mozilla/4.0 (compatible; MSIE 7.0; Windows NT 5.1)" />
              <Header name="Accept" value="*/*" />
              <Header name="Accept-Language" value="{{$IEAcceptLanguage}}" />
              <Header name="Accept-Encoding" value="GZIP" />
            </Headers>
          </Browser>
        </WebTestRunConfiguration>
      </TestTypeSpecific>
      <AgentRule name="LocalMachineDefaultRole">
        <DataCollectors>
          <DataCollector uri="datacollector://microsoft/CodeCoverage/1.0" assemblyQualifiedName="Microsoft.VisualStudio.TestTools.CodeCoverage.CoveragePlugIn, Microsoft.VisualStudio.QualityTools.Plugins.CodeCoverage, Version=10.0.0.0, Culture=neutral, PublicKeyToken=b03f5f7f11d50a3a" friendlyName="Code Coverage" enabled="false">
            <Configuration>
              <CodeCoverage xmlns="">
                <Regular>
                  <CodeCoverageItem binaryFile="AdminTests\bin\Debug\AdminTests.dll" pdbFile="AdminTests\bin\Debug\AdminTests.pdb" instrumentInPlace="true" />
                </Regular>
              </CodeCoverage>
            </Configuration>
          </DataCollector>
        </DataCollectors>
      </AgentRule>
    </Execution>
  </TestSettings>
  <Times creation="2012-08-20T10:21:51.2033385-06:00" queuing="2012-08-20T10:21:57.7426872-06:00" start="2012-08-20T10:21:57.9081394-06:00" finish="2012-08-20T10:22:49.6382308-06:00" />
  <ResultSummary outcome="Error">
    <Counters total="1" executed="1" error="0" failed="0" timeout="0" aborted="1" inconclusive="0" passedButRunAborted="0" notRunnable="0" notExecuted="0" disconnected="0" warning="0" passed="0" completed="0" inProgress="0" pending="0" />
    <RunInfos>
      <RunInfo computerName="NICKER4416" outcome="Error" timestamp="2012-08-20T10:22:49.6372308-06:00">
        <Text>Test host process exited unexpectedly.</Text>
      </RunInfo>
    </RunInfos>
  </ResultSummary>
  <TestDefinitions>
    <UnitTest name="GetAdminInputTest" storage="c:\users\nnickerson\documents\github\menudirect\menudirect\admintests\bin\debug\admintests.dll" id="e079ac09-d41f-30a7-fc21-6a83967018aa">
      <DeploymentItems>
        <DeploymentItem filename="MenuDirect.exe" />
      </DeploymentItems>
      <Execution id="60f95239-9a83-4eda-a89a-76f67ab734b0" />
      <TestMethod codeBase="C:/Users/nnickerson/Documents/GitHub/MenuDirect/MenuDirect/AdminTests/bin/Debug/AdminTests.DLL" adapterTypeName="Microsoft.VisualStudio.TestTools.TestTypes.Unit.UnitTestAdapter, Microsoft.VisualStudio.QualityTools.Tips.UnitTest.Adapter, Version=10.0.0.0, Culture=neutral, PublicKeyToken=b03f5f7f11d50a3a" className="AdminTests.AdminTest, AdminTests, Version=1.0.0.0, Culture=neutral, PublicKeyToken=null" name="GetAdminInputTest" />
    </UnitTest>
  </TestDefinitions>
  <TestLists>
    <TestList name="Results Not in a List" id="8c84fa94-04c1-424b-9868-57a2d4851a1d" />
    <TestList name="All Loaded Results" id="19431567-8539-422a-85d7-44ee4e166bda" />
  </TestLists>
  <TestEntries>
    <TestEntry testId="e079ac09-d41f-30a7-fc21-6a83967018aa" executionId="60f95239-9a83-4eda-a89a-76f67ab734b0" testListId="8c84fa94-04c1-424b-9868-57a2d4851a1d" />
  </TestEntries>
  <Results>
    <UnitTestResult executionId="60f95239-9a83-4eda-a89a-76f67ab734b0" testId="e079ac09-d41f-30a7-fc21-6a83967018aa" testName="GetAdminInputTest" computerName="NICKER4416" duration="00:00:51.6682960" startTime="2012-08-20T10:21:57.9699348-06:00" endTime="2012-08-20T10:22:49.6382308-06:00" testType="13cdc9d9-ddb5-4fa4-a97d-d965ccfc6d4b" outcome="Aborted" testListId="8c84fa94-04c1-424b-9868-57a2d4851a1d" relativeResultsDirectory="60f95239-9a83-4eda-a89a-76f67ab734b0">
    </UnitTestResult>
  </Results>
</TestRun>